<?xml version="1.0" encoding="UTF-8"?>
<!-- Generated by org.testng.reporters.JUnitReportReporter -->
<testsuite hostname="LAPTOP-CH1MU7V2" failures="0" tests="1" name="Test.Test_zerodha" time="25.931" errors="0" timestamp="2022-05-03T14:09:24 IST" skipped="0">
  <testcase classname="Test.Test_zerodha" name="loginWithVaildCridentials" time="25.931"/>
  <system-out/>
</testsuite> <!-- Test.Test_zerodha -->
